<?xml version="1.0" encoding="UTF-8"?>
<testsuite name="re.forestier.edu.GlobalTest" tests="1" skipped="0" failures="0" errors="0" timestamp="2025-09-29T10:15:40" hostname="PC-WINDOWS" time="0.601">
  <properties/>
  <testcase name="testAffichageBase()" classname="re.forestier.edu.GlobalTest" time="0.601"/>
  <system-out><![CDATA[]]></system-out>
  <system-err><![CDATA[]]></system-err>
</testsuite>
